2026-01-07 02:19:22,481 [INFO] 設定檔載入成功: config.json
2026-01-07 02:19:23,074 [INFO]  數據源連線成功 (Real Market)
2026-01-07 02:19:23,075 [WARNING] [MODE] 啟動 Testnet 測試網模式
2026-01-07 02:19:23,077 [INFO]  已載入策略: ['TEST_LOOP']
2026-01-07 02:19:24,414 [INFO]  同步交易所槓桿: 5x
2026-01-07 02:19:24,839 [INFO]  [CONFIG] 成功設定 BTCUSDT 槓桿為 5x
2026-01-07 02:19:24,840 [INFO]  開始策略熱機 (Warm-up)...
2026-01-07 02:19:25,286 [INFO]  熱機完成
2026-01-07 02:19:25,286 [INFO] ----------------------------------------------------
2026-01-07 02:19:25,413 [INFO]  [SIGNAL] TEST_LOOP | LONG | 強制測試 [開倉] 訊號
2026-01-07 02:19:25,556 [INFO] 📋 [ORDER] 發送訂單 | BUY BTCUSDT | Qty: 0.005
2026-01-07 02:19:25,691 [INFO]  訂單已送出 (ID: 11437949059)，等待撮合...
2026-01-07 02:19:28,760 [INFO]  [DB] 交易已儲存: LONG 0.005 BTCUSDT
2026-01-07 02:19:30,109 [INFO]  [VERIFIED] 訂單確認完成 | 均價: 91786.72
2026-01-07 02:19:33,180 [WARNING]  用戶手動停止
2026-01-07 02:24:57,273 [INFO] 設定檔載入成功: config.json
2026-01-07 02:24:57,925 [INFO]  數據源連線成功 (Real Market)
2026-01-07 02:24:57,927 [WARNING] [MODE] 啟動 Testnet 測試網模式
2026-01-07 02:24:57,929 [INFO]  已載入策略: ['TEST_LOOP']
2026-01-07 02:24:59,289 [INFO]  同步交易所槓桿: 5x
2026-01-07 02:24:59,992 [INFO]  [CONFIG] 成功設定 BTCUSDT 槓桿為 5x
2026-01-07 02:24:59,992 [INFO]  開始策略熱機 (Warm-up)...
2026-01-07 02:25:00,459 [INFO]  熱機完成
2026-01-07 02:25:00,459 [INFO] ----------------------------------------------------
2026-01-07 02:25:00,630 [INFO]  [SIGNAL] TEST_LOOP | LONG | 強制測試 [開倉] 訊號
2026-01-07 02:25:00,761 [INFO] 📋 [ORDER] 發送訂單 | BUY BTCUSDT | Qty: 0.005
2026-01-07 02:25:00,886 [INFO]  訂單已送出 (ID: 11438046009)，等待撮合...
2026-01-07 02:25:04,017 [INFO]  [DB] 交易已儲存: LONG 0.005 BTCUSDT
2026-01-07 02:25:05,496 [INFO]  [VERIFIED] 訂單確認完成 | 均價: 91822.29999999999
2026-01-07 02:25:15,498 [INFO] ----------------------------------------------------
2026-01-07 02:25:15,623 [INFO]  [SNAPSHOT] BTCUSDT | 持倉: 0.005 | 均價: 91822.3 | PnL: 0.03843831 U
2026-01-07 02:25:15,623 [INFO]  [SIGNAL] TEST_LOOP | CLOSE | 強制測試 [平倉] 訊號
2026-01-07 02:25:15,628 [INFO] 📋 [ORDER] 發送訂單 | SELL BTCUSDT | Qty: 0.005
2026-01-07 02:25:15,685 [INFO]  訂單已送出 (ID: 11438053059)，等待撮合...
2026-01-07 02:25:18,828 [INFO]  [DB] 交易已儲存: CLOSE 0.005 BTCUSDT
2026-01-07 02:25:20,294 [INFO]  [VERIFIED] 訂單確認完成 | 均價: 91824.01999999999
2026-01-07 02:25:30,294 [INFO] ----------------------------------------------------
2026-01-07 02:25:30,577 [INFO]  [SIGNAL] TEST_LOOP | LONG | 強制測試 [開倉] 訊號
2026-01-07 02:25:30,583 [INFO] 📋 [ORDER] 發送訂單 | BUY BTCUSDT | Qty: 0.005
2026-01-07 02:25:30,701 [INFO]  訂單已送出 (ID: 11438059543)，等待撮合...
2026-01-07 02:25:33,762 [INFO]  [DB] 交易已儲存: LONG 0.005 BTCUSDT
2026-01-07 02:25:35,312 [INFO]  [VERIFIED] 訂單確認完成 | 均價: 91866.5
2026-01-07 02:25:45,313 [INFO] ----------------------------------------------------
2026-01-07 02:25:45,466 [INFO]  [SNAPSHOT] BTCUSDT | 持倉: 0.005 | 均價: 91866.5 | PnL: -0.03508288 U
2026-01-07 02:25:45,467 [INFO]  [SIGNAL] TEST_LOOP | CLOSE | 強制測試 [平倉] 訊號
2026-01-07 02:25:45,476 [INFO] 📋 [ORDER] 發送訂單 | SELL BTCUSDT | Qty: 0.005
2026-01-07 02:25:45,533 [INFO]  訂單已送出 (ID: 11438061404)，等待撮合...
2026-01-07 02:25:48,598 [INFO]  [DB] 交易已儲存: CLOSE 0.005 BTCUSDT
2026-01-07 02:25:50,163 [INFO]  [VERIFIED] 訂單確認完成 | 均價: 91863.3
2026-01-07 02:26:00,164 [INFO] ----------------------------------------------------
2026-01-07 02:26:00,290 [INFO]  [SIGNAL] TEST_LOOP | LONG | 強制測試 [開倉] 訊號
2026-01-07 02:26:00,295 [INFO] 📋 [ORDER] 發送訂單 | BUY BTCUSDT | Qty: 0.005
2026-01-07 02:26:00,355 [INFO]  訂單已送出 (ID: 11438065472)，等待撮合...
2026-01-07 02:26:03,417 [INFO]  [DB] 交易已儲存: LONG 0.005 BTCUSDT
2026-01-07 02:26:05,089 [INFO]  [VERIFIED] 訂單確認完成 | 均價: 91872.79999999999
2026-01-07 02:26:15,090 [INFO] ----------------------------------------------------
2026-01-07 02:26:15,223 [INFO]  [SNAPSHOT] BTCUSDT | 持倉: 0.005 | 均價: 91872.8 | PnL: -0.01447545 U
2026-01-07 02:26:15,225 [INFO]  [SIGNAL] TEST_LOOP | CLOSE | 強制測試 [平倉] 訊號
2026-01-07 02:26:15,231 [INFO] 📋 [ORDER] 發送訂單 | SELL BTCUSDT | Qty: 0.005
2026-01-07 02:26:15,288 [INFO]  訂單已送出 (ID: 11438071562)，等待撮合...
2026-01-07 02:26:18,350 [INFO]  [DB] 交易已儲存: CLOSE 0.005 BTCUSDT
2026-01-07 02:26:19,906 [INFO]  [VERIFIED] 訂單確認完成 | 均價: 91868.4
2026-01-07 02:26:29,907 [INFO] ----------------------------------------------------
2026-01-07 02:26:30,034 [INFO]  [SIGNAL] TEST_LOOP | LONG | 強制測試 [開倉] 訊號
2026-01-07 02:26:30,040 [INFO] 📋 [ORDER] 發送訂單 | BUY BTCUSDT | Qty: 0.005
2026-01-07 02:26:30,096 [INFO]  訂單已送出 (ID: 11438076951)，等待撮合...
2026-01-07 02:26:33,159 [INFO]  [DB] 交易已儲存: LONG 0.005 BTCUSDT
2026-01-07 02:26:34,643 [INFO]  [VERIFIED] 訂單確認完成 | 均價: 91879.42
2026-01-07 02:26:44,643 [INFO] ----------------------------------------------------
2026-01-07 02:26:44,778 [INFO]  [SNAPSHOT] BTCUSDT | 持倉: 0.005 | 均價: 91879.42 | PnL: -0.13282445 U
2026-01-07 02:26:44,778 [INFO]  [SIGNAL] TEST_LOOP | CLOSE | 強制測試 [平倉] 訊號
2026-01-07 02:26:44,784 [INFO] 📋 [ORDER] 發送訂單 | SELL BTCUSDT | Qty: 0.005
2026-01-07 02:26:44,840 [INFO]  訂單已送出 (ID: 11438079793)，等待撮合...
2026-01-07 02:26:47,904 [INFO]  [DB] 交易已儲存: CLOSE 0.005 BTCUSDT
2026-01-07 02:26:49,407 [INFO]  [VERIFIED] 訂單確認完成 | 均價: 91866.5
2026-01-07 02:26:59,408 [INFO] ----------------------------------------------------
2026-01-07 02:26:59,536 [INFO]  [SIGNAL] TEST_LOOP | LONG | 強制測試 [開倉] 訊號
2026-01-07 02:26:59,541 [INFO] 📋 [ORDER] 發送訂單 | BUY BTCUSDT | Qty: 0.005
2026-01-07 02:26:59,599 [INFO]  訂單已送出 (ID: 11438083014)，等待撮合...
2026-01-07 02:27:02,674 [INFO]  [DB] 交易已儲存: LONG 0.005 BTCUSDT
2026-01-07 02:27:04,207 [INFO]  [VERIFIED] 訂單確認完成 | 均價: 91881.1
2026-01-07 02:27:14,208 [INFO] ----------------------------------------------------
2026-01-07 02:27:14,334 [INFO]  [SNAPSHOT] BTCUSDT | 持倉: 0.005 | 均價: 91881.1 | PnL: 0.2225 U
2026-01-07 02:27:14,334 [INFO]  [SIGNAL] TEST_LOOP | CLOSE | 強制測試 [平倉] 訊號
2026-01-07 02:27:14,337 [INFO] 📋 [ORDER] 發送訂單 | SELL BTCUSDT | Qty: 0.005
2026-01-07 02:27:14,390 [INFO]  訂單已送出 (ID: 11438089644)，等待撮合...
2026-01-07 02:27:16,190 [WARNING]  用戶手動停止
2026-01-26 16:56:35,189 [INFO] 設定檔載入成功: config.json
2026-01-26 16:56:36,503 [INFO]  數據源連線成功 (Real Market)
2026-01-26 16:56:36,507 [WARNING] [MODE] 啟動 Testnet 測試網模式
2026-01-26 16:56:36,510 [INFO]  已載入策略: ['TEST_LOOP']
2026-01-26 16:56:39,159 [INFO]  同步交易所槓桿: 5x
2026-01-26 16:56:40,379 [INFO]  [CONFIG] 成功設定 BTCUSDT 槓桿為 5x
2026-01-26 16:56:40,379 [INFO]  開始策略熱機 (Warm-up)...
2026-01-26 16:56:42,122 [INFO]  熱機完成
2026-01-26 16:56:42,122 [INFO] ----------------------------------------------------
2026-01-26 16:56:42,409 [WARNING]  查詢持倉詳情失敗 (可能是 API 缺欄位): (400, -1021, "Timestamp for this request was 1000ms ahead of the server's time.", {'Content-Type': 'application/json', 'Content-Length': '88', 'Connection': 'keep-alive', 'Date': 'Mon, 26 Jan 2026 08:56:41 GMT', 'Access-Control-Allow-Methods': 'GET, POST, PUT, DELETE, OPTIONS', 'Server': 'Bengine', 'x-mbx-used-weight-1m': '203', 'x-response-time': '2ms', 'Access-Control-Allow-Origin': '*', 'X-Cache': 'Error from cloudfront', 'Via': '1.1 c3c63b7b4690e3ae5dc81c1d1c3ca24e.cloudfront.net (CloudFront)', 'X-Amz-Cf-Pop': 'TPE54-P2', 'X-Amz-Cf-Id': '9YVDf7K72jjQ3dRutAEwetZg8wv21NdQY5KtRXihSfrb08KCYsKhtw=='})
2026-01-26 16:56:42,410 [INFO]  [SIGNAL] TEST_LOOP | LONG | 強制測試 [開倉] 訊號
2026-01-26 16:56:42,654 [INFO]  [ORDER] 發送訂單 | BUY BTCUSDT | Qty: 0.005
2026-01-26 16:56:42,731 [ERROR] 下單失敗: (400, -1021, "Timestamp for this request was 1000ms ahead of the server's time.", {'Content-Type': 'application/json', 'Content-Length': '88', 'Connection': 'keep-alive', 'Date': 'Mon, 26 Jan 2026 08:56:41 GMT', 'Access-Control-Allow-Methods': 'GET, POST, PUT, DELETE, OPTIONS', 'Server': 'Bengine', 'x-mbx-used-weight-1m': '-1', 'x-response-time': '2ms', 'Access-Control-Allow-Origin': '*', 'X-Cache': 'Error from cloudfront', 'Via': '1.1 c3c63b7b4690e3ae5dc81c1d1c3ca24e.cloudfront.net (CloudFront)', 'X-Amz-Cf-Pop': 'TPE54-P2', 'X-Amz-Cf-Id': '5LtWtOFTYmd3ZGIHRYk4xxng4XiZcHWqbmxPR_NpDfBVLBgi9nyKKw=='})
2026-01-26 16:56:52,732 [INFO] ----------------------------------------------------
2026-01-26 16:56:53,081 [WARNING]  查詢持倉詳情失敗 (可能是 API 缺欄位): (400, -1021, "Timestamp for this request was 1000ms ahead of the server's time.", {'Content-Type': 'application/json', 'Content-Length': '88', 'Connection': 'keep-alive', 'Date': 'Mon, 26 Jan 2026 08:56:51 GMT', 'Access-Control-Allow-Methods': 'GET, POST, PUT, DELETE, OPTIONS', 'Server': 'Bengine', 'x-mbx-used-weight-1m': '284', 'x-response-time': '2ms', 'Access-Control-Allow-Origin': '*', 'X-Cache': 'Error from cloudfront', 'Via': '1.1 c3c63b7b4690e3ae5dc81c1d1c3ca24e.cloudfront.net (CloudFront)', 'X-Amz-Cf-Pop': 'TPE54-P2', 'X-Amz-Cf-Id': 'Dn2Bb7ugxkwBaGQyM4Kl9vucVNq1EYWthPFG_mVsK9O2iHqkUHHilw=='})
2026-01-26 16:56:53,083 [INFO]  [SIGNAL] TEST_LOOP | CLOSE | 強制測試 [平倉] 訊號
2026-01-26 16:57:03,088 [INFO] ----------------------------------------------------
2026-01-26 16:57:05,978 [WARNING]  查詢持倉詳情失敗 (可能是 API 缺欄位): (400, -1021, "Timestamp for this request was 1000ms ahead of the server's time.", {'Content-Type': 'application/json', 'Content-Length': '88', 'Connection': 'keep-alive', 'Date': 'Mon, 26 Jan 2026 08:57:04 GMT', 'Access-Control-Allow-Methods': 'GET, POST, PUT, DELETE, OPTIONS', 'Server': 'Bengine', 'x-mbx-used-weight-1m': '75', 'x-response-time': '0ms', 'Access-Control-Allow-Origin': '*', 'X-Cache': 'Error from cloudfront', 'Via': '1.1 c3c63b7b4690e3ae5dc81c1d1c3ca24e.cloudfront.net (CloudFront)', 'X-Amz-Cf-Pop': 'TPE54-P2', 'X-Amz-Cf-Id': '0jWNOnGc3OcS1GmbRncxvn0f6Whra40kCfq-Vo1f_bwonUA52qF0Hg=='})
2026-01-26 16:57:05,978 [INFO]  [SIGNAL] TEST_LOOP | LONG | 強制測試 [開倉] 訊號
2026-01-26 16:57:05,983 [INFO]  [ORDER] 發送訂單 | BUY BTCUSDT | Qty: 0.005
2026-01-26 16:57:06,085 [ERROR] 下單失敗: (400, -1021, "Timestamp for this request was 1000ms ahead of the server's time.", {'Content-Type': 'application/json', 'Content-Length': '88', 'Connection': 'keep-alive', 'Date': 'Mon, 26 Jan 2026 08:57:04 GMT', 'Access-Control-Allow-Methods': 'GET, POST, PUT, DELETE, OPTIONS', 'Server': 'Bengine', 'x-mbx-used-weight-1m': '-1', 'x-response-time': '2ms', 'Access-Control-Allow-Origin': '*', 'X-Cache': 'Error from cloudfront', 'Via': '1.1 c3c63b7b4690e3ae5dc81c1d1c3ca24e.cloudfront.net (CloudFront)', 'X-Amz-Cf-Pop': 'TPE54-P2', 'X-Amz-Cf-Id': 'zJyl1XheMOk_ZvSaj_sghC0fbfHQnbE1npbkCgm1vQUQUtcD4xX3rg=='})
2026-01-26 16:57:16,085 [INFO] ----------------------------------------------------
2026-01-26 16:57:16,317 [WARNING]  查詢持倉詳情失敗 (可能是 API 缺欄位): (400, -1021, "Timestamp for this request was 1000ms ahead of the server's time.", {'Content-Type': 'application/json', 'Content-Length': '88', 'Connection': 'keep-alive', 'Date': 'Mon, 26 Jan 2026 08:57:15 GMT', 'Access-Control-Allow-Methods': 'GET, POST, PUT, DELETE, OPTIONS', 'Server': 'Bengine', 'x-mbx-used-weight-1m': '66', 'x-response-time': '0ms', 'Access-Control-Allow-Origin': '*', 'X-Cache': 'Error from cloudfront', 'Via': '1.1 c3c63b7b4690e3ae5dc81c1d1c3ca24e.cloudfront.net (CloudFront)', 'X-Amz-Cf-Pop': 'TPE54-P2', 'X-Amz-Cf-Id': 'ez3SHRIT3nXyF1eNitzjdhRYggvtskzoSFq-01Wq5rmbVmT1T04MBA=='})
2026-01-26 16:57:16,318 [INFO]  [SIGNAL] TEST_LOOP | CLOSE | 強制測試 [平倉] 訊號
2026-01-26 16:57:26,324 [INFO] ----------------------------------------------------
2026-01-26 16:57:26,559 [WARNING]  查詢持倉詳情失敗 (可能是 API 缺欄位): (400, -1021, "Timestamp for this request was 1000ms ahead of the server's time.", {'Content-Type': 'application/json', 'Content-Length': '88', 'Connection': 'keep-alive', 'Date': 'Mon, 26 Jan 2026 08:57:25 GMT', 'Access-Control-Allow-Methods': 'GET, POST, PUT, DELETE, OPTIONS', 'Server': 'Bengine', 'x-mbx-used-weight-1m': '123', 'x-response-time': '0ms', 'Access-Control-Allow-Origin': '*', 'X-Cache': 'Error from cloudfront', 'Via': '1.1 c3c63b7b4690e3ae5dc81c1d1c3ca24e.cloudfront.net (CloudFront)', 'X-Amz-Cf-Pop': 'TPE54-P2', 'X-Amz-Cf-Id': '841H6BbR76t1UTy6yrOyObZbT1LdHGvRy7iVZKXWImcoWBhmg3DAfg=='})
2026-01-26 16:57:26,560 [INFO]  [SIGNAL] TEST_LOOP | LONG | 強制測試 [開倉] 訊號
2026-01-26 16:57:26,563 [INFO]  [ORDER] 發送訂單 | BUY BTCUSDT | Qty: 0.005
2026-01-26 16:57:26,652 [ERROR] 下單失敗: (400, -1021, "Timestamp for this request was 1000ms ahead of the server's time.", {'Content-Type': 'application/json', 'Content-Length': '88', 'Connection': 'keep-alive', 'Date': 'Mon, 26 Jan 2026 08:57:25 GMT', 'Access-Control-Allow-Methods': 'GET, POST, PUT, DELETE, OPTIONS', 'Server': 'Bengine', 'x-mbx-used-weight-1m': '-1', 'x-response-time': '0ms', 'Access-Control-Allow-Origin': '*', 'X-Cache': 'Error from cloudfront', 'Via': '1.1 c3c63b7b4690e3ae5dc81c1d1c3ca24e.cloudfront.net (CloudFront)', 'X-Amz-Cf-Pop': 'TPE54-P2', 'X-Amz-Cf-Id': '-2NMQxDCUgghbNe4Ttd628ipvM5SGrM26WkKhNVKFSzg55Cnw29CVg=='})
2026-01-26 16:57:36,653 [INFO] ----------------------------------------------------
2026-01-26 16:57:36,918 [WARNING]  查詢持倉詳情失敗 (可能是 API 缺欄位): (400, -1021, "Timestamp for this request was 1000ms ahead of the server's time.", {'Content-Type': 'application/json', 'Content-Length': '88', 'Connection': 'keep-alive', 'Date': 'Mon, 26 Jan 2026 08:57:35 GMT', 'Access-Control-Allow-Methods': 'GET, POST, PUT, DELETE, OPTIONS', 'Server': 'Bengine', 'x-mbx-used-weight-1m': '191', 'x-response-time': '0ms', 'Access-Control-Allow-Origin': '*', 'X-Cache': 'Error from cloudfront', 'Via': '1.1 c3c63b7b4690e3ae5dc81c1d1c3ca24e.cloudfront.net (CloudFront)', 'X-Amz-Cf-Pop': 'TPE54-P2', 'X-Amz-Cf-Id': '_jklAToCWQxLC_gTt2QpUjQ3gPfB-9xWwVhcX-8v3FWhQCCch9jpCw=='})
2026-01-26 16:57:36,919 [INFO]  [SIGNAL] TEST_LOOP | CLOSE | 強制測試 [平倉] 訊號
2026-01-26 16:57:46,924 [INFO] ----------------------------------------------------
2026-01-26 16:57:47,164 [WARNING]  用戶手動停止
2026-01-26 16:57:50,755 [INFO] 設定檔載入成功: config.json
2026-01-26 16:57:51,514 [INFO]  數據源連線成功 (Real Market)
2026-01-26 16:57:51,517 [WARNING] [MODE] 啟動 Testnet 測試網模式
2026-01-26 16:57:51,519 [INFO]  已載入策略: ['TEST_LOOP']
2026-01-26 16:57:52,994 [INFO]  同步交易所槓桿: 5x
2026-01-26 16:57:53,513 [INFO]  [CONFIG] 成功設定 BTCUSDT 槓桿為 5x
2026-01-26 16:57:53,513 [INFO]  開始策略熱機 (Warm-up)...
2026-01-26 16:57:54,203 [INFO]  熱機完成
2026-01-26 16:57:54,204 [INFO] ----------------------------------------------------
2026-01-26 16:57:54,381 [WARNING]  查詢持倉詳情失敗 (可能是 API 缺欄位): (400, -1021, "Timestamp for this request was 1000ms ahead of the server's time.", {'Content-Type': 'application/json', 'Content-Length': '88', 'Connection': 'keep-alive', 'Date': 'Mon, 26 Jan 2026 08:57:53 GMT', 'Access-Control-Allow-Methods': 'GET, POST, PUT, DELETE, OPTIONS', 'Server': 'Bengine', 'x-mbx-used-weight-1m': '311', 'x-response-time': '0ms', 'Access-Control-Allow-Origin': '*', 'X-Cache': 'Error from cloudfront', 'Via': '1.1 11e1b249c3f4c3cf7a6b973723c70d64.cloudfront.net (CloudFront)', 'X-Amz-Cf-Pop': 'TPE54-P2', 'X-Amz-Cf-Id': 'nSd17juZHCVJBHY4GRBpUhsUNIFy-iqPMGHV-3LZIQjXrEwBdpYBtQ=='})
2026-01-26 16:57:54,382 [INFO]  [SIGNAL] TEST_LOOP | LONG | 強制測試 [開倉] 訊號
2026-01-26 16:57:54,633 [INFO]  [ORDER] 發送訂單 | BUY BTCUSDT | Qty: 0.005
2026-01-26 16:57:54,721 [ERROR] 下單失敗: (400, -1021, "Timestamp for this request was 1000ms ahead of the server's time.", {'Content-Type': 'application/json', 'Content-Length': '88', 'Connection': 'keep-alive', 'Date': 'Mon, 26 Jan 2026 08:57:53 GMT', 'Access-Control-Allow-Methods': 'GET, POST, PUT, DELETE, OPTIONS', 'Server': 'Bengine', 'x-mbx-used-weight-1m': '-1', 'x-response-time': '0ms', 'Access-Control-Allow-Origin': '*', 'X-Cache': 'Error from cloudfront', 'Via': '1.1 11e1b249c3f4c3cf7a6b973723c70d64.cloudfront.net (CloudFront)', 'X-Amz-Cf-Pop': 'TPE54-P2', 'X-Amz-Cf-Id': '-qHsZm7GcPmkUZ8EVyXAeOisaK-AUQ0_zRT57xG-ruPuLxStEZOm4A=='})
2026-01-26 16:58:02,998 [WARNING]  用戶手動停止
2026-01-26 17:01:27,716 [INFO] 設定檔載入成功: config.json
2026-01-26 17:01:28,404 [INFO]  數據源連線成功 (Real Market)
2026-01-26 17:01:28,406 [WARNING] [MODE] 啟動 Testnet 測試網模式
2026-01-26 17:01:28,408 [INFO]  已載入策略: ['TEST_LOOP']
2026-01-26 17:01:29,774 [INFO]  同步交易所槓桿: 5x
2026-01-26 17:01:30,283 [INFO]  [CONFIG] 成功設定 BTCUSDT 槓桿為 5x
2026-01-26 17:01:30,283 [INFO]  開始策略熱機 (Warm-up)...
2026-01-26 17:01:30,823 [INFO]  熱機完成
2026-01-26 17:01:30,823 [INFO] ----------------------------------------------------
2026-01-26 17:01:30,937 [INFO]  [SIGNAL] TEST_LOOP | LONG | 強制測試 [開倉] 訊號
2026-01-26 17:01:31,062 [INFO]  [ORDER] 發送訂單 | BUY BTCUSDT | Qty: 0.005
2026-01-26 17:01:31,117 [INFO]  訂單已送出 (ID: 11972649822)，等待撮合...
2026-01-26 17:01:34,195 [INFO]  [DB] 交易已儲存: LONG 0.005 BTCUSDT
2026-01-26 17:01:35,498 [INFO]  [VERIFIED] 訂單確認完成 | 均價: 87937.9
2026-01-26 17:01:45,500 [INFO] ----------------------------------------------------
2026-01-26 17:01:45,624 [INFO]  [SNAPSHOT] BTCUSDT | 持倉: 0.005 | 均價: 87937.9 | PnL: -0.26827336 U
2026-01-26 17:01:45,625 [INFO]  [SIGNAL] TEST_LOOP | CLOSE | 強制測試 [平倉] 訊號
2026-01-26 17:01:45,631 [INFO]  [ORDER] 發送訂單 | SELL BTCUSDT | Qty: 0.005
2026-01-26 17:01:45,686 [INFO]  訂單已送出 (ID: 11972653973)，等待撮合...
2026-01-26 17:01:48,756 [INFO]  [DB] 交易已儲存: CLOSE 0.005 BTCUSDT
2026-01-26 17:01:50,084 [INFO]  [VERIFIED] 訂單確認完成 | 均價: 87924.84
2026-01-26 17:02:00,086 [INFO] ----------------------------------------------------
2026-01-26 17:02:00,222 [INFO]  [SIGNAL] TEST_LOOP | LONG | 強制測試 [開倉] 訊號
2026-01-26 17:02:00,227 [INFO]  [ORDER] 發送訂單 | BUY BTCUSDT | Qty: 0.005
2026-01-26 17:02:00,289 [INFO]  訂單已送出 (ID: 11972657851)，等待撮合...
2026-01-26 17:02:03,359 [INFO]  [DB] 交易已儲存: LONG 0.005 BTCUSDT
2026-01-26 17:02:04,647 [INFO]  [VERIFIED] 訂單確認完成 | 均價: 87884.1
2026-01-26 17:02:07,312 [WARNING]  用戶手動停止
2026-02-02 18:24:10,716 [INFO] 設定檔載入成功: config.json
2026-02-02 18:24:11,410 [INFO]  數據源連線成功 (Real Market)
2026-02-02 18:24:11,424 [WARNING] [MODE] 啟動 Testnet 測試網模式
2026-02-02 18:24:11,427 [INFO]  已載入策略: ['TEST_LOOP']
2026-02-02 18:24:12,748 [INFO]  同步交易所槓桿: 5x
2026-02-02 18:24:13,231 [INFO]  [CONFIG] 成功設定 BTCUSDT 槓桿為 5x
2026-02-02 18:24:13,231 [INFO]  開始策略熱機 (Warm-up)...
2026-02-02 18:24:13,663 [INFO]  熱機完成
2026-02-02 18:24:13,663 [INFO] ----------------------------------------------------
2026-02-02 18:24:13,739 [ERROR]  [SYSTEM ERROR] 主迴圈崩潰: 'DatabaseHandler' object has no attribute 'save_market_data'
Traceback (most recent call last):
  File "d:\investment\量化策略實裝\main.py", line 218, in run
    self.db.save_market_data(self.symbol, self.interval, raw_df)
    ^^^^^^^^^^^^^^^^^^^^^^^^
AttributeError: 'DatabaseHandler' object has no attribute 'save_market_data'
2026-02-02 18:24:45,062 [INFO] ----------------------------------------------------
2026-02-02 18:24:45,126 [ERROR]  [SYSTEM ERROR] 主迴圈崩潰: 'DatabaseHandler' object has no attribute 'save_market_data'
Traceback (most recent call last):
  File "d:\investment\量化策略實裝\main.py", line 218, in run
    self.db.save_market_data(self.symbol, self.interval, raw_df)
    ^^^^^^^^^^^^^^^^^^^^^^^^
AttributeError: 'DatabaseHandler' object has no attribute 'save_market_data'
2026-02-02 18:25:04,939 [INFO] 設定檔載入成功: config.json
2026-02-02 18:25:05,557 [INFO]  數據源連線成功 (Real Market)
2026-02-02 18:27:55,256 [INFO] 設定檔載入成功: config.json
2026-02-02 18:27:55,859 [INFO]  數據源連線成功 (Real Market)
2026-02-02 18:27:55,867 [WARNING] [MODE] 啟動 Testnet 測試網模式
2026-02-02 18:27:55,868 [INFO]  已載入策略: ['TEST_LOOP']
2026-02-02 18:27:57,188 [INFO]  同步交易所槓桿: 5x
2026-02-02 18:27:57,555 [INFO]  [CONFIG] 成功設定 BTCUSDT 槓桿為 5x
2026-02-02 18:27:57,555 [INFO]  開始策略熱機 (Warm-up)...
2026-02-02 18:27:57,997 [INFO]  熱機完成
2026-02-02 18:27:57,998 [INFO] ----------------------------------------------------
2026-02-02 18:27:58,068 [ERROR] ❌ [DB ERROR] 寫入市場數據失敗: 'open_time'
2026-02-02 18:27:58,071 [WARNING] ⚠️ 資料庫無數據，跳過本次循環
2026-02-02 18:28:08,072 [INFO] ----------------------------------------------------
2026-02-02 18:28:08,137 [ERROR] ❌ [DB ERROR] 寫入市場數據失敗: 'open_time'
2026-02-02 18:28:08,139 [WARNING] ⚠️ 資料庫無數據，跳過本次循環
2026-02-02 18:28:12,041 [WARNING]  用戶手動停止
2026-02-02 18:33:23,124 [INFO] 設定檔載入成功: config.json
2026-02-02 18:33:23,712 [INFO]  數據源連線成功 (Real Market)
2026-02-02 18:33:23,724 [WARNING] [MODE] 啟動 Testnet 測試網模式
2026-02-02 18:33:23,726 [INFO]  已載入策略: ['TEST_LOOP']
2026-02-02 18:33:25,147 [INFO]  同步交易所槓桿: 5x
2026-02-02 18:33:25,531 [INFO]  [CONFIG] 成功設定 BTCUSDT 槓桿為 5x
2026-02-02 18:33:25,531 [INFO]  開始策略熱機 (Warm-up)...
2026-02-02 18:33:26,072 [INFO]  熱機完成
2026-02-02 18:33:26,073 [INFO] ----------------------------------------------------
2026-02-02 18:33:26,138 [ERROR] [DB ERROR] 寫入市場數據失敗: int() argument must be a string, a bytes-like object or a real number, not 'Timestamp'
2026-02-02 18:33:26,140 [WARNING] ⚠️ 資料庫無數據，跳過本次循環
2026-02-02 18:33:36,142 [INFO] ----------------------------------------------------
2026-02-02 18:33:36,213 [ERROR] [DB ERROR] 寫入市場數據失敗: int() argument must be a string, a bytes-like object or a real number, not 'Timestamp'
2026-02-02 18:33:36,215 [WARNING] ⚠️ 資料庫無數據，跳過本次循環
2026-02-02 18:33:37,295 [WARNING]  用戶手動停止
2026-02-02 18:35:00,747 [INFO] 設定檔載入成功: config.json
2026-02-02 18:35:01,310 [INFO]  數據源連線成功 (Real Market)
2026-02-02 18:35:01,311 [WARNING] [MODE] 啟動 Testnet 測試網模式
2026-02-02 18:35:01,313 [INFO]  已載入策略: ['TEST_LOOP']
2026-02-02 18:35:02,656 [INFO]  同步交易所槓桿: 5x
2026-02-02 18:35:03,027 [INFO]  [CONFIG] 成功設定 BTCUSDT 槓桿為 5x
2026-02-02 18:35:03,028 [INFO]  開始策略熱機 (Warm-up)...
2026-02-02 18:35:03,506 [INFO]  熱機完成
2026-02-02 18:35:03,507 [INFO] ----------------------------------------------------
2026-02-02 18:35:03,572 [ERROR] [DB ERROR] 寫入市場數據失敗: int() argument must be a string, a bytes-like object or a real number, not 'Timestamp'
2026-02-02 18:35:03,574 [WARNING] ⚠️ 資料庫無數據，跳過本次循環
2026-02-02 18:35:13,575 [INFO] ----------------------------------------------------
2026-02-02 18:35:13,648 [ERROR] [DB ERROR] 寫入市場數據失敗: int() argument must be a string, a bytes-like object or a real number, not 'Timestamp'
2026-02-02 18:35:13,650 [WARNING] ⚠️ 資料庫無數據，跳過本次循環
2026-02-02 18:35:17,711 [WARNING]  用戶手動停止
2026-02-02 18:37:48,400 [INFO] 設定檔載入成功: config.json
2026-02-02 18:37:49,481 [INFO]  數據源連線成功 (Real Market)
2026-02-02 18:37:49,482 [WARNING] [MODE] 啟動 Testnet 測試網模式
2026-02-02 18:37:49,483 [INFO]  已載入策略: ['TEST_LOOP']
2026-02-02 18:37:50,846 [INFO]  同步交易所槓桿: 5x
2026-02-02 18:37:51,307 [INFO]  [CONFIG] 成功設定 BTCUSDT 槓桿為 5x
2026-02-02 18:37:51,308 [INFO]  開始策略熱機 (Warm-up)...
2026-02-02 18:37:51,829 [INFO]  熱機完成
2026-02-02 18:37:51,829 [INFO] ----------------------------------------------------
2026-02-02 18:37:51,907 [ERROR] [DB ERROR] 寫入市場數據失敗: 'volume'
2026-02-02 18:37:51,909 [WARNING] ⚠️ 資料庫無數據，跳過本次循環
2026-02-02 18:38:01,909 [INFO] ----------------------------------------------------
2026-02-02 18:38:01,977 [ERROR] [DB ERROR] 寫入市場數據失敗: 'volume'
2026-02-02 18:38:01,979 [WARNING] ⚠️ 資料庫無數據，跳過本次循環
2026-02-02 18:38:08,543 [WARNING]  用戶手動停止
2026-02-02 18:38:10,872 [INFO] 設定檔載入成功: config.json
2026-02-02 18:38:11,527 [INFO]  數據源連線成功 (Real Market)
2026-02-02 18:38:11,528 [WARNING] [MODE] 啟動 Testnet 測試網模式
2026-02-02 18:38:11,529 [INFO]  已載入策略: ['TEST_LOOP']
2026-02-02 18:38:12,867 [INFO]  同步交易所槓桿: 5x
2026-02-02 18:38:13,202 [INFO]  [CONFIG] 成功設定 BTCUSDT 槓桿為 5x
2026-02-02 18:38:13,202 [INFO]  開始策略熱機 (Warm-up)...
2026-02-02 18:38:13,629 [INFO]  熱機完成
2026-02-02 18:38:13,629 [INFO] ----------------------------------------------------
2026-02-02 18:38:13,778 [INFO]  [SIGNAL] TEST_LOOP | LONG | 強制測試 [開倉] 訊號
2026-02-02 18:38:13,871 [INFO]  [ORDER] 發送訂單 | BUY BTCUSDT | Qty: 0.006
2026-02-02 18:38:13,928 [INFO]  訂單已送出 (ID: 12082941901)，等待撮合...
2026-02-02 18:38:16,991 [INFO]  [DB] 交易已儲存: LONG 0.006 BTCUSDT
2026-02-02 18:38:18,314 [INFO]  [VERIFIED] 訂單確認完成 | 均價: 77561.79999999999
2026-02-02 18:38:28,315 [INFO] ----------------------------------------------------
2026-02-02 18:38:28,454 [INFO]  [SNAPSHOT] BTCUSDT | 持倉: 0.006 | 均價: 77561.8 | PnL: -0.16962554 U
2026-02-02 18:38:28,454 [INFO]  [SIGNAL] TEST_LOOP | CLOSE | 強制測試 [平倉] 訊號
2026-02-02 18:38:28,457 [INFO]  [ORDER] 發送訂單 | SELL BTCUSDT | Qty: 0.006
2026-02-02 18:38:28,510 [INFO]  訂單已送出 (ID: 12082942589)，等待撮合...
2026-02-02 18:38:31,601 [INFO]  [DB] 交易已儲存: CLOSE 0.006 BTCUSDT
2026-02-02 18:38:32,986 [INFO]  [VERIFIED] 訂單確認完成 | 均價: 77542.5
2026-02-02 18:38:42,987 [INFO] ----------------------------------------------------
2026-02-02 18:38:43,121 [INFO]  [SIGNAL] TEST_LOOP | LONG | 強制測試 [開倉] 訊號
2026-02-02 18:38:43,124 [INFO]  [ORDER] 發送訂單 | BUY BTCUSDT | Qty: 0.006
2026-02-02 18:38:43,202 [INFO]  訂單已送出 (ID: 12082943031)，等待撮合...
2026-02-02 18:38:46,282 [INFO]  [DB] 交易已儲存: LONG 0.006 BTCUSDT
2026-02-02 18:38:47,777 [INFO]  [VERIFIED] 訂單確認完成 | 均價: 77534.9
2026-02-02 18:38:57,777 [INFO] ----------------------------------------------------
2026-02-02 18:38:57,916 [INFO]  [SNAPSHOT] BTCUSDT | 持倉: 0.006 | 均價: 77534.9 | PnL: 0.00861771 U
2026-02-02 18:38:57,916 [INFO]  [SIGNAL] TEST_LOOP | CLOSE | 強制測試 [平倉] 訊號
2026-02-02 18:38:57,920 [INFO]  [ORDER] 發送訂單 | SELL BTCUSDT | Qty: 0.006
2026-02-02 18:38:57,974 [INFO]  訂單已送出 (ID: 12082944909)，等待撮合...
2026-02-02 18:39:01,046 [INFO]  [DB] 交易已儲存: CLOSE 0.006 BTCUSDT
2026-02-02 18:39:02,430 [INFO]  [VERIFIED] 訂單確認完成 | 均價: 77518.86666666667
2026-02-02 18:39:12,431 [INFO] ----------------------------------------------------
2026-02-02 18:39:12,570 [INFO]  [SIGNAL] TEST_LOOP | LONG | 強制測試 [開倉] 訊號
2026-02-02 18:39:12,574 [INFO]  [ORDER] 發送訂單 | BUY BTCUSDT | Qty: 0.006
2026-02-02 18:39:12,636 [INFO]  訂單已送出 (ID: 12082947422)，等待撮合...
2026-02-02 18:39:15,696 [INFO]  [DB] 交易已儲存: LONG 0.006 BTCUSDT
2026-02-02 18:39:17,076 [INFO]  [VERIFIED] 訂單確認完成 | 均價: 77556.7
2026-02-02 18:39:27,077 [INFO] ----------------------------------------------------
2026-02-02 18:39:27,211 [INFO]  [SNAPSHOT] BTCUSDT | 持倉: 0.006 | 均價: 77556.7 | PnL: -0.0474 U
2026-02-02 18:39:27,213 [INFO]  [SIGNAL] TEST_LOOP | CLOSE | 強制測試 [平倉] 訊號
2026-02-02 18:39:27,216 [INFO]  [ORDER] 發送訂單 | SELL BTCUSDT | Qty: 0.006
2026-02-02 18:39:27,270 [INFO]  訂單已送出 (ID: 12082948342)，等待撮合...
2026-02-02 18:39:30,339 [INFO]  [DB] 交易已儲存: CLOSE 0.006 BTCUSDT
2026-02-02 18:39:31,734 [INFO]  [VERIFIED] 訂單確認完成 | 均價: 77542.26666666666
2026-02-02 18:39:35,384 [WARNING]  用戶手動停止
2026-02-02 22:58:27,120 [INFO] 設定檔載入成功: config.json
2026-02-02 22:58:27,796 [INFO]  數據源連線成功 (Real Market)
2026-02-02 22:58:27,806 [WARNING] [MODE] 啟動 Testnet 測試網模式
2026-02-02 22:58:27,811 [INFO]  已載入策略: ['TEST_LOOP']
2026-02-02 22:58:29,223 [INFO]  同步交易所槓桿: 5x
2026-02-02 22:58:29,600 [INFO]  [CONFIG] 成功設定 BTCUSDT 槓桿為 5x
2026-02-02 22:58:29,601 [INFO]  開始策略熱機 (Warm-up)...
2026-02-02 22:58:30,188 [INFO]  熱機完成
2026-02-02 22:58:30,188 [INFO] ----------------------------------------------------
2026-02-02 22:58:30,335 [INFO]  [SIGNAL] TEST_LOOP | LONG | 強制測試 [開倉] 訊號
2026-02-02 22:58:30,551 [INFO]  [ORDER] 發送訂單 | BUY BTCUSDT | Qty: 0.006
2026-02-02 22:58:30,612 [INFO]  訂單已送出 (ID: 12085133882)，等待撮合...
2026-02-02 22:58:33,677 [INFO]  [DB] 交易已儲存: LONG 0.006 BTCUSDT
2026-02-02 22:58:35,050 [INFO]  [VERIFIED] 訂單確認完成 | 均價: 77823.3
2026-02-02 22:58:45,051 [INFO] ----------------------------------------------------
2026-02-02 22:58:45,181 [INFO]  [SNAPSHOT] BTCUSDT | 持倉: 0.006 | 均價: 77823.3 | PnL: 0.0408 U
2026-02-02 22:58:45,182 [INFO]  [SIGNAL] TEST_LOOP | CLOSE | 強制測試 [平倉] 訊號
2026-02-02 22:58:45,184 [INFO]  [ORDER] 發送訂單 | SELL BTCUSDT | Qty: 0.006
2026-02-02 22:58:45,243 [INFO]  訂單已送出 (ID: 12085138354)，等待撮合...
2026-02-02 22:58:48,313 [INFO]  [DB] 交易已儲存: CLOSE 0.006 BTCUSDT
2026-02-02 22:58:49,682 [INFO]  [VERIFIED] 訂單確認完成 | 均價: 77822.7
2026-02-02 22:58:57,333 [WARNING]  用戶手動停止
2026-02-03 03:31:27,118 [INFO] 設定檔載入成功: config.json
2026-02-03 03:31:27,772 [INFO]  數據源連線成功 (Real Market)
2026-02-03 03:31:27,778 [WARNING] [MODE] 啟動 Testnet 測試網模式
2026-02-03 03:31:27,780 [INFO]  已載入策略: ['TEST_LOOP']
2026-02-03 03:31:29,150 [INFO]  同步交易所槓桿: 5x
2026-02-03 03:31:29,577 [INFO]  [CONFIG] 成功設定 BTCUSDT 槓桿為 5x
2026-02-03 03:31:29,577 [INFO]  開始策略熱機 ...
2026-02-03 03:31:30,047 [INFO]  熱機完成
2026-02-03 03:31:30,047 [INFO] ----------------------------------------------------
2026-02-03 03:31:30,176 [INFO]  [SIGNAL] TEST_LOOP | LONG | 強制測試 [開倉] 訊號
2026-02-03 03:31:30,317 [INFO]  [ORDER] 發送訂單 | BUY BTCUSDT | Qty: 0.006
2026-02-03 03:31:30,373 [INFO]  訂單已送出 (ID: 12087294188)，等待撮合...
2026-02-03 03:31:33,439 [INFO]  [DB] 交易已儲存: LONG 0.006 BTCUSDT
2026-02-03 03:31:34,767 [INFO]  [VERIFIED] 訂單確認完成 | 均價: 78387.2
2026-02-03 03:31:35,106 [WARNING]  用戶手動停止
2026-02-03 17:40:29,693 [INFO] 設定檔載入成功: config.json
2026-02-03 17:40:29,694 [ERROR]  數據源連線失敗: DataLoader.__init__() missing 1 required positional argument: 'db'
2026-02-03 17:51:08,099 [INFO] 設定檔載入成功: config.json
2026-02-03 17:51:08,099 [ERROR]  數據源連線失敗: 'TradingBot' object has no attribute 'db'
2026-02-03 17:53:27,052 [INFO] 設定檔載入成功: config.json
2026-02-03 17:53:27,052 [ERROR]  數據源連線失敗: DataLoader.__init__() missing 1 required positional argument: 'db'
2026-02-03 17:53:42,951 [INFO] 設定檔載入成功: config.json
2026-02-03 17:53:42,952 [ERROR]  數據源連線失敗: 'TradingBot' object has no attribute 'db'
2026-02-03 17:56:11,425 [INFO] 設定檔載入成功: config.json
2026-02-03 17:56:11,440 [INFO]  數據源連線成功 (Real Market)
2026-02-03 17:56:12,209 [INFO] 載入外部數據源: ['fear_greed', 'google_trends', 'fred_macro', 'us_stock_qqq']
2026-02-03 17:56:12,209 [WARNING] [MODE] 啟動 Testnet 測試網模式
2026-02-03 17:56:12,212 [INFO]  已載入策略: ['TEST_LOOP']
2026-02-03 17:56:13,659 [INFO]  同步交易所槓桿: 5x
2026-02-03 17:56:14,031 [INFO]  [CONFIG] 成功設定 BTCUSDT 槓桿為 5x
2026-02-03 17:56:14,031 [INFO]  開始策略熱機 ...
2026-02-03 17:56:14,581 [INFO]  熱機完成
2026-02-03 17:56:14,582 [INFO] ----------------------------------------------------
2026-02-03 17:56:14,713 [INFO]  [SIGNAL] TEST_LOOP | LONG | 強制測試 [開倉] 訊號
2026-02-03 17:56:14,948 [INFO]  [ORDER] 發送訂單 | BUY BTCUSDT | Qty: 0.006
2026-02-03 17:56:15,013 [INFO]  訂單已送出 (ID: 12094032640)，等待撮合...
2026-02-03 17:56:18,078 [INFO]  [DB] 交易已儲存: LONG 0.006 BTCUSDT
2026-02-03 17:56:19,890 [INFO]  [VERIFIED] 訂單確認完成 | 均價: 78387.0
2026-02-03 17:56:24,095 [WARNING]  用戶手動停止
2026-02-03 17:56:44,856 [INFO] 設定檔載入成功: config.json
2026-02-03 17:56:44,859 [INFO]  數據源連線成功 (Real Market)
2026-02-03 17:56:45,804 [INFO] 載入外部數據源: ['fear_greed', 'google_trends', 'fred_macro', 'us_stock_qqq']
2026-02-03 17:56:45,805 [WARNING] [MODE] 啟動 Testnet 測試網模式
2026-02-03 17:56:45,808 [INFO]  已載入策略: ['TEST_LOOP']
2026-02-03 17:56:47,832 [INFO]  同步交易所槓桿: 5x
2026-02-03 17:56:48,388 [INFO]  [CONFIG] 成功設定 BTCUSDT 槓桿為 5x
2026-02-03 17:56:48,388 [INFO]  開始策略熱機 ...
2026-02-03 17:56:49,019 [INFO]  熱機完成
2026-02-03 17:56:49,019 [INFO] ----------------------------------------------------
2026-02-03 17:56:49,155 [INFO]  [SNAPSHOT] BTCUSDT | 持倉: 0.006 | 均價: 78387.0 | PnL: -0.1452 U
2026-02-03 17:56:49,157 [INFO]  [SIGNAL] TEST_LOOP | LONG | 強制測試 [開倉] 訊號
2026-02-03 17:56:49,161 [INFO]  [SKIP] TEST_LOOP 喊多，但已有持倉
2026-02-03 17:56:59,162 [INFO] ----------------------------------------------------
2026-02-03 17:56:59,300 [INFO]  [SNAPSHOT] BTCUSDT | 持倉: 0.006 | 均價: 78387.0 | PnL: -0.129 U
2026-02-03 17:56:59,300 [INFO]  [SIGNAL] TEST_LOOP | CLOSE | 強制測試 [平倉] 訊號
2026-02-03 17:56:59,494 [INFO]  [ORDER] 發送訂單 | SELL BTCUSDT | Qty: 0.006
2026-02-03 17:56:59,551 [INFO]  訂單已送出 (ID: 12094048955)，等待撮合...
2026-02-03 17:57:02,621 [INFO]  [DB] 交易已儲存: CLOSE 0.006 BTCUSDT
2026-02-03 17:57:04,376 [INFO]  [VERIFIED] 訂單確認完成 | 均價: 78365.5
2026-02-03 17:57:14,075 [WARNING]  用戶手動停止
2026-02-05 02:15:04,111 [INFO] 設定檔載入成功: config.json
2026-02-05 02:15:04,128 [INFO]  數據源連線成功 (Real Market)
2026-02-05 02:15:04,643 [INFO] 載入外部數據源: ['fear_greed', 'google_trends', 'fred_macro', 'us_stock_qqq']
2026-02-05 02:15:04,643 [WARNING] [MODE] 啟動 Testnet 測試網模式
2026-02-05 02:15:04,647 [INFO]  已載入策略: ['TEST_LOOP']
2026-02-05 02:15:05,982 [INFO]  同步交易所槓桿: 5x
2026-02-05 02:15:06,378 [INFO]  [CONFIG] 成功設定 BTCUSDT 槓桿為 5x
2026-02-05 02:15:06,379 [INFO]  開始策略熱機 ...
2026-02-05 02:15:06,826 [INFO]  熱機完成
2026-02-05 02:15:06,826 [INFO] 🚀 機器人啟動！等待新的 1h K 線收盤...
2026-02-05 02:15:06,882 [INFO] ----------------------------------------------------
2026-02-05 02:15:06,885 [INFO] [NEW CANDLE] 發現新收盤 K 線: 2026-02-04 17:00:00
2026-02-05 02:15:06,888 [INFO] 💾 已存檔 K 線數據 (截止至 2026-02-04 17:00:00)
2026-02-05 02:15:06,889 [INFO]  開始更新外部數據...
2026-02-05 02:15:07,839 [INFO] [fear_greed] 更新完成
2026-02-05 02:15:09,178 [INFO] [google_trends] 更新完成
2026-02-05 02:15:10,976 [INFO] [fred_macro] 更新完成
2026-02-05 02:15:11,782 [INFO] [us_stock_qqq] 更新完成
2026-02-05 02:15:11,843 [INFO]  [SIGNAL] TEST_LOOP | LONG | 強制測試 [開倉] 訊號
2026-02-05 02:15:11,990 [INFO]  [ORDER] 發送訂單 | BUY BTCUSDT | Qty: 0.006
2026-02-05 02:15:12,051 [INFO]  訂單已送出 (ID: 12116667589)，等待撮合...
2026-02-05 02:15:15,116 [INFO]  [DB] 交易已儲存: LONG 0.006 BTCUSDT
2026-02-05 02:15:16,483 [INFO]  [VERIFIED] 訂單確認完成 | 均價: 72874.0
2026-02-05 02:15:16,483 [INFO] 💤 本週期處理完畢，等待下一根 K 線...
2026-02-05 03:00:13,087 [INFO] ----------------------------------------------------
2026-02-05 03:00:13,127 [INFO] [NEW CANDLE] 發現新收盤 K 線: 2026-02-04 18:00:00
2026-02-05 03:00:13,165 [INFO] 💾 已存檔 K 線數據 (截止至 2026-02-04 18:00:00)
2026-02-05 03:00:13,166 [INFO]  開始更新外部數據...
2026-02-05 03:00:14,510 [INFO] [fear_greed] 更新完成
2026-02-05 03:00:16,358 [INFO] [google_trends] 更新完成
2026-02-05 03:00:19,030 [INFO] [fred_macro] 更新完成
2026-02-05 03:00:20,044 [INFO] [us_stock_qqq] 更新完成
2026-02-05 03:00:20,740 [INFO]  [SNAPSHOT] BTCUSDT | 持倉: 0.006 | 均價: 72874.0 | PnL: 3.03880391 U
2026-02-05 03:00:20,741 [INFO]  [SIGNAL] TEST_LOOP | CLOSE | 強制測試 [平倉] 訊號
2026-02-05 03:00:20,746 [INFO]  [ORDER] 發送訂單 | SELL BTCUSDT | Qty: 0.006
2026-02-05 03:00:20,812 [INFO]  訂單已送出 (ID: 12117224348)，等待撮合...
2026-02-05 03:00:23,878 [INFO]  [DB] 交易已儲存: CLOSE 0.006 BTCUSDT
2026-02-05 03:00:25,438 [INFO]  [VERIFIED] 訂單確認完成 | 均價: 73386.26666666666
2026-02-05 03:00:25,438 [INFO] 💤 本週期處理完畢，等待下一根 K 線...
2026-02-05 03:08:43,219 [WARNING]  用戶手動停止
2026-02-05 03:38:58,333 [INFO] 設定檔載入成功: config.json
2026-02-05 03:38:59,075 [INFO] 載入外部數據源: ['fear_greed', 'google_trends', 'fred_macro', 'us_stock_qqq']
2026-02-05 03:38:59,079 [INFO] 已掛載策略: ['TEST_LOOP']
2026-02-05 03:38:59,518 [INFO]  [CONFIG] 成功設定 BTCUSDT 槓桿為 5x
2026-02-05 03:39:00,049 [INFO] 開始策略熱機...
2026-02-05 03:39:00,049 [INFO] 熱機完成
2026-02-05 03:39:01,427 [INFO] 核心引擎啟動，監控 1h K 線...
2026-02-05 03:39:01,483 [INFO] [ETL] 處理新 K 線: 2026-02-04 18:00:00
2026-02-05 03:39:06,117 [INFO] [SNAPSHOT] 空手 | 現價: 78253.3
2026-02-05 03:39:06,117 [INFO] [SIGNAL] TEST_LOOP | LONG | 強制測試 [開倉] 訊號
2026-02-05 03:39:06,217 [INFO]  [ORDER] 發送訂單 | BUY BTCUSDT | Qty: 0.006
2026-02-05 03:39:06,276 [INFO] 訂單已發送 ID: 12117805130，等待撮合...
2026-02-05 03:39:09,347 [INFO]  [DB] 交易已儲存: LONG 0.006 BTCUSDT
2026-02-05 03:39:10,656 [INFO] [VERIFIED] 成交確認 | 均價: 73320.0
2026-02-05 03:39:10,656 [INFO] 本週期結束，等待下一次收盤...
2026-02-05 04:00:08,184 [INFO] [ETL] 處理新 K 線: 2026-02-04 19:00:00
2026-02-05 04:00:13,948 [INFO] [SNAPSHOT] 持倉: 0.006 | PnL: 3.2436 U
2026-02-05 04:00:13,949 [INFO] [SIGNAL] TEST_LOOP | CLOSE | 強制測試 [平倉] 訊號
2026-02-05 04:00:13,953 [INFO]  [ORDER] 發送訂單 | SELL BTCUSDT | Qty: 0.006
2026-02-05 04:00:14,011 [INFO] 訂單已發送 ID: 12118047246，等待撮合...
2026-02-05 04:00:17,074 [INFO]  [DB] 交易已儲存: CLOSE 0.006 BTCUSDT
2026-02-05 04:00:18,449 [INFO] [VERIFIED] 成交確認 | 均價: 73831.0
2026-02-05 04:00:18,449 [INFO] 本週期結束，等待下一次收盤...
2026-02-05 04:04:41,234 [WARNING] 停止運行
